{"/Users/karolisgataveckas/Documents/Development/JS/nodets-express-jest/app.ts": {"path":"/Users/karolisgataveckas/Documents/Development/JS/nodets-express-jest/app.ts","statementMap":{"0":{"start":{"line":1,"column":0},"end":{"line":1,"column":42}},"1":{"start":{"line":2,"column":0},"end":{"line":2,"column":28}},"2":{"start":{"line":3,"column":0},"end":{"line":3,"column":61}},"3":{"start":{"line":4,"column":0},"end":{"line":4,"column":57}},"4":{"start":{"line":5,"column":0},"end":{"line":5,"column":49}},"5":{"start":{"line":6,"column":0},"end":{"line":6,"column":50}},"6":{"start":{"line":7,"column":0},"end":{"line":7,"column":52}},"7":{"start":{"line":8,"column":0},"end":{"line":8,"column":51}},"8":{"start":{"line":9,"column":0},"end":{"line":9,"column":37}},"9":{"start":{"line":16,"column":19},"end":{"line":16,"column":52}},"10":{"start":{"line":17,"column":19},"end":{"line":17,"column":44}},"11":{"start":{"line":18,"column":19},"end":{"line":18,"column":48}},"12":{"start":{"line":13,"column":1},"end":{"line":13,"column":35}},"13":{"start":{"line":20,"column":2},"end":{"line":20,"column":23}},"14":{"start":{"line":21,"column":2},"end":{"line":21,"column":34}},"15":{"start":{"line":22,"column":2},"end":{"line":22,"column":59}},"16":{"start":{"line":23,"column":2},"end":{"line":23,"column":67}},"17":{"start":{"line":23,"column":38},"end":{"line":23,"column":65}},"18":{"start":{"line":26,"column":21},"end":{"line":26,"column":54}},"19":{"start":{"line":27,"column":2},"end":{"line":27,"column":44}},"20":{"start":{"line":29,"column":2},"end":{"line":33,"column":null}},"21":{"start":{"line":30,"column":3},"end":{"line":32,"column":6}},"22":{"start":{"line":31,"column":4},"end":{"line":31,"column":82}},"23":{"start":{"line":37,"column":24},"end":{"line":37,"column":45}},"24":{"start":{"line":38,"column":21},"end":{"line":38,"column":72}},"25":{"start":{"line":39,"column":22},"end":{"line":39,"column":46}},"26":{"start":{"line":40,"column":0},"end":{"line":60,"column":null}},"27":{"start":{"line":41,"column":1},"end":{"line":59,"column":6}},"28":{"start":{"line":42,"column":2},"end":{"line":58,"column":null}},"29":{"start":{"line":43,"column":3},"end":{"line":43,"column":32}},"30":{"start":{"line":45,"column":3},"end":{"line":47,"column":null}},"31":{"start":{"line":46,"column":4},"end":{"line":46,"column":75}},"32":{"start":{"line":48,"column":24},"end":{"line":48,"column":56}},"33":{"start":{"line":50,"column":23},"end":{"line":50,"column":86}},"34":{"start":{"line":51,"column":3},"end":{"line":55,"column":5}},"35":{"start":{"line":57,"column":3},"end":{"line":57,"column":67}},"36":{"start":{"line":62,"column":0},"end":{"line":62,"column":31}}},"fnMap":{"0":{"name":"(anonymous_0)","decl":{"start":{"line":15,"column":1},"end":{"line":15,"column":null}},"loc":{"start":{"line":18,"column":48},"end":{"line":34,"column":2}}},"1":{"name":"(anonymous_1)","decl":{"start":{"line":23,"column":24},"end":{"line":23,"column":25}},"loc":{"start":{"line":23,"column":38},"end":{"line":23,"column":65}}},"2":{"name":"(anonymous_2)","decl":{"start":{"line":30,"column":44},"end":{"line":30,"column":47}},"loc":{"start":{"line":30,"column":49},"end":{"line":32,"column":4}}},"3":{"name":"(anonymous_3)","decl":{"start":{"line":41,"column":2},"end":{"line":41,"column":7}},"loc":{"start":{"line":41,"column":13},"end":{"line":59,"column":2}}}},"branchMap":{"0":{"loc":{"start":{"line":29,"column":2},"end":{"line":33,"column":null}},"type":"if","locations":[{"start":{"line":29,"column":2},"end":{"line":33,"column":null}},{"start":{"line":29,"column":2},"end":{"line":33,"column":null}}]},"1":{"loc":{"start":{"line":40,"column":0},"end":{"line":60,"column":null}},"type":"if","locations":[{"start":{"line":40,"column":0},"end":{"line":60,"column":null}},{"start":{"line":40,"column":0},"end":{"line":60,"column":null}}]},"2":{"loc":{"start":{"line":45,"column":3},"end":{"line":47,"column":null}},"type":"if","locations":[{"start":{"line":45,"column":3},"end":{"line":47,"column":null}},{"start":{"line":45,"column":3},"end":{"line":47,"column":null}}]}},"s":{"0":1,"1":1,"2":1,"3":1,"4":1,"5":1,"6":1,"7":1,"8":1,"9":4,"10":4,"11":4,"12":4,"13":4,"14":4,"15":4,"16":4,"17":0,"18":4,"19":4,"20":4,"21":0,"22":0,"23":1,"24":1,"25":1,"26":1,"27":0,"28":0,"29":0,"30":0,"31":0,"32":0,"33":0,"34":0,"35":0,"36":1},"f":{"0":4,"1":0,"2":0,"3":0},"b":{"0":[0,4],"1":[0,1],"2":[0,0]}}
,"/Users/karolisgataveckas/Documents/Development/JS/nodets-express-jest/controllers/TaskController.ts": {"path":"/Users/karolisgataveckas/Documents/Development/JS/nodets-express-jest/controllers/TaskController.ts","statementMap":{"0":{"start":{"line":4,"column":0},"end":{"line":4,"column":47}},"1":{"start":{"line":23,"column":30},"end":{"line":23,"column":55}},"2":{"start":{"line":25,"column":1},"end":{"line":32,"column":3}},"3":{"start":{"line":30,"column":16},"end":{"line":30,"column":54}},"4":{"start":{"line":31,"column":2},"end":{"line":31,"column":41}},"5":{"start":{"line":34,"column":1},"end":{"line":47,"column":3}},"6":{"start":{"line":39,"column":2},"end":{"line":41,"column":null}},"7":{"start":{"line":40,"column":3},"end":{"line":40,"column":67}},"8":{"start":{"line":43,"column":14},"end":{"line":43,"column":27}},"9":{"start":{"line":45,"column":15},"end":{"line":45,"column":57}},"10":{"start":{"line":46,"column":2},"end":{"line":46,"column":40}},"11":{"start":{"line":49,"column":1},"end":{"line":72,"column":3}},"12":{"start":{"line":54,"column":21},"end":{"line":54,"column":29}},"13":{"start":{"line":55,"column":19},"end":{"line":55,"column":49}},"14":{"start":{"line":58,"column":20},"end":{"line":60,"column":4}},"15":{"start":{"line":59,"column":3},"end":{"line":59,"column":73}},"16":{"start":{"line":62,"column":2},"end":{"line":64,"column":null}},"17":{"start":{"line":63,"column":3},"end":{"line":63,"column":104}},"18":{"start":{"line":66,"column":15},"end":{"line":66,"column":61}},"19":{"start":{"line":67,"column":2},"end":{"line":71,"column":null}},"20":{"start":{"line":68,"column":3},"end":{"line":68,"column":53}},"21":{"start":{"line":70,"column":3},"end":{"line":70,"column":70}},"22":{"start":{"line":22,"column":0},"end":{"line":22,"column":13}}},"fnMap":{"0":{"name":"(anonymous_0)","decl":{"start":{"line":23,"column":1},"end":{"line":23,"column":30}},"loc":{"start":{"line":23,"column":55},"end":{"line":23,"column":60}}},"1":{"name":"(anonymous_1)","decl":{"start":{"line":25,"column":17},"end":{"line":25,"column":22}},"loc":{"start":{"line":29,"column":5},"end":{"line":32,"column":2}}},"2":{"name":"(anonymous_2)","decl":{"start":{"line":34,"column":13},"end":{"line":34,"column":18}},"loc":{"start":{"line":38,"column":5},"end":{"line":47,"column":2}}},"3":{"name":"(anonymous_3)","decl":{"start":{"line":49,"column":19},"end":{"line":49,"column":24}},"loc":{"start":{"line":53,"column":5},"end":{"line":72,"column":2}}},"4":{"name":"(anonymous_4)","decl":{"start":{"line":58,"column":50},"end":{"line":58,"column":51}},"loc":{"start":{"line":58,"column":56},"end":{"line":60,"column":3}}}},"branchMap":{"0":{"loc":{"start":{"line":39,"column":2},"end":{"line":41,"column":null}},"type":"if","locations":[{"start":{"line":39,"column":2},"end":{"line":41,"column":null}},{"start":{"line":39,"column":2},"end":{"line":41,"column":null}}]},"1":{"loc":{"start":{"line":59,"column":10},"end":{"line":59,"column":30}},"type":"binary-expr","locations":[{"start":{"line":59,"column":10},"end":{"line":59,"column":30}},{"start":{"line":59,"column":34},"end":{"line":59,"column":72}}]},"2":{"loc":{"start":{"line":62,"column":2},"end":{"line":64,"column":null}},"type":"if","locations":[{"start":{"line":62,"column":2},"end":{"line":64,"column":null}},{"start":{"line":62,"column":2},"end":{"line":64,"column":null}}]},"3":{"loc":{"start":{"line":62,"column":6},"end":{"line":62,"column":16}},"type":"binary-expr","locations":[{"start":{"line":62,"column":6},"end":{"line":62,"column":16}},{"start":{"line":62,"column":20},"end":{"line":62,"column":70}}]},"4":{"loc":{"start":{"line":67,"column":2},"end":{"line":71,"column":null}},"type":"if","locations":[{"start":{"line":67,"column":2},"end":{"line":71,"column":null}},{"start":{"line":67,"column":2},"end":{"line":71,"column":null}}]}},"s":{"0":1,"1":4,"2":4,"3":1,"4":1,"5":4,"6":1,"7":0,"8":1,"9":1,"10":1,"11":4,"12":3,"13":3,"14":3,"15":6,"16":3,"17":2,"18":1,"19":1,"20":1,"21":0,"22":1},"f":{"0":4,"1":1,"2":1,"3":3,"4":6},"b":{"0":[0,1],"1":[6,6],"2":[2,1],"3":[3,2],"4":[1,0]}}
,"/Users/karolisgataveckas/Documents/Development/JS/nodets-express-jest/mongo/MongoService.ts": {"path":"/Users/karolisgataveckas/Documents/Development/JS/nodets-express-jest/mongo/MongoService.ts","statementMap":{"0":{"start":{"line":1,"column":0},"end":{"line":1,"column":42}},"1":{"start":{"line":2,"column":0},"end":{"line":2,"column":28}},"2":{"start":{"line":3,"column":0},"end":{"line":3,"column":45}},"3":{"start":{"line":16,"column":30},"end":{"line":16,"column":59}},"4":{"start":{"line":7,"column":18},"end":{"line":13,"column":3}},"5":{"start":{"line":14,"column":1},"end":{"line":14,"column":26}},"6":{"start":{"line":19,"column":2},"end":{"line":19,"column":61}},"7":{"start":{"line":23,"column":2},"end":{"line":30,"column":null}},"8":{"start":{"line":24,"column":3},"end":{"line":24,"column":37}},"9":{"start":{"line":25,"column":3},"end":{"line":25,"column":32}},"10":{"start":{"line":26,"column":3},"end":{"line":26,"column":49}},"11":{"start":{"line":27,"column":3},"end":{"line":27,"column":44}},"12":{"start":{"line":29,"column":3},"end":{"line":29,"column":63}},"13":{"start":{"line":6,"column":0},"end":{"line":6,"column":13}}},"fnMap":{"0":{"name":"(anonymous_0)","decl":{"start":{"line":16,"column":1},"end":{"line":16,"column":30}},"loc":{"start":{"line":16,"column":59},"end":{"line":16,"column":64}}},"1":{"name":"(anonymous_1)","decl":{"start":{"line":18,"column":1},"end":{"line":18,"column":5}},"loc":{"start":{"line":18,"column":7},"end":{"line":20,"column":2}}},"2":{"name":"(anonymous_2)","decl":{"start":{"line":22,"column":1},"end":{"line":22,"column":6}},"loc":{"start":{"line":22,"column":14},"end":{"line":31,"column":2}}}},"branchMap":{},"s":{"0":1,"1":1,"2":1,"3":1,"4":1,"5":1,"6":0,"7":0,"8":0,"9":0,"10":0,"11":0,"12":0,"13":1},"f":{"0":1,"1":0,"2":0},"b":{}}
,"/Users/karolisgataveckas/Documents/Development/JS/nodets-express-jest/mongo/database.ts": {"path":"/Users/karolisgataveckas/Documents/Development/JS/nodets-express-jest/mongo/database.ts","statementMap":{"0":{"start":{"line":2,"column":0},"end":{"line":2,"column":28}},"1":{"start":{"line":15,"column":12},"end":{"line":15,"column":52}},"2":{"start":{"line":16,"column":1},"end":{"line":18,"column":3}},"3":{"start":{"line":14,"column":0},"end":{"line":14,"column":7}},"4":{"start":{"line":27,"column":1},"end":{"line":29,"column":3}},"5":{"start":{"line":26,"column":0},"end":{"line":26,"column":16}}},"fnMap":{"0":{"name":"newTaskDatabase","decl":{"start":{"line":14,"column":22},"end":{"line":14,"column":37}},"loc":{"start":{"line":14,"column":57},"end":{"line":19,"column":1}}},"1":{"name":"getTaskDatabase","decl":{"start":{"line":26,"column":16},"end":{"line":26,"column":31}},"loc":{"start":{"line":26,"column":38},"end":{"line":30,"column":1}}}},"branchMap":{},"s":{"0":1,"1":0,"2":0,"3":1,"4":0,"5":1},"f":{"0":0,"1":0},"b":{}}
,"/Users/karolisgataveckas/Documents/Development/JS/nodets-express-jest/mongo/taskStorage.ts": {"path":"/Users/karolisgataveckas/Documents/Development/JS/nodets-express-jest/mongo/taskStorage.ts","statementMap":{"0":{"start":{"line":2,"column":0},"end":{"line":2,"column":62}},"1":{"start":{"line":5,"column":8},"end":{"line":5,"column":23}},"2":{"start":{"line":6,"column":8},"end":{"line":6,"column":45}},"3":{"start":{"line":9,"column":8},"end":{"line":9,"column":47}},"4":{"start":{"line":12,"column":8},"end":{"line":12,"column":47}},"5":{"start":{"line":15,"column":8},"end":{"line":15,"column":48}},"6":{"start":{"line":18,"column":21},"end":{"line":18,"column":50}},"7":{"start":{"line":19,"column":8},"end":{"line":22,"column":9}},"8":{"start":{"line":20,"column":12},"end":{"line":20,"column":77}},"9":{"start":{"line":21,"column":12},"end":{"line":21,"column":49}},"10":{"start":{"line":23,"column":27},"end":{"line":23,"column":66}},"11":{"start":{"line":24,"column":8},"end":{"line":24,"column":48}},"12":{"start":{"line":27,"column":21},"end":{"line":27,"column":57}},"13":{"start":{"line":28,"column":8},"end":{"line":31,"column":9}},"14":{"start":{"line":29,"column":12},"end":{"line":29,"column":75}},"15":{"start":{"line":30,"column":12},"end":{"line":30,"column":51}},"16":{"start":{"line":32,"column":27},"end":{"line":36,"column":10}},"17":{"start":{"line":37,"column":8},"end":{"line":37,"column":49}},"18":{"start":{"line":40,"column":21},"end":{"line":40,"column":50}},"19":{"start":{"line":41,"column":8},"end":{"line":44,"column":9}},"20":{"start":{"line":42,"column":12},"end":{"line":42,"column":68}},"21":{"start":{"line":43,"column":12},"end":{"line":43,"column":49}},"22":{"start":{"line":45,"column":27},"end":{"line":49,"column":9}},"23":{"start":{"line":50,"column":27},"end":{"line":50,"column":78}},"24":{"start":{"line":51,"column":8},"end":{"line":51,"column":49}},"25":{"start":{"line":54,"column":0},"end":{"line":54,"column":34}}},"fnMap":{"0":{"name":"(anonymous_0)","decl":{"start":{"line":4,"column":4},"end":{"line":4,"column":5}},"loc":{"start":{"line":4,"column":37},"end":{"line":7,"column":5}},"line":4},"1":{"name":"(anonymous_1)","decl":{"start":{"line":8,"column":4},"end":{"line":8,"column":5}},"loc":{"start":{"line":8,"column":29},"end":{"line":10,"column":5}},"line":8},"2":{"name":"(anonymous_2)","decl":{"start":{"line":11,"column":4},"end":{"line":11,"column":5}},"loc":{"start":{"line":11,"column":25},"end":{"line":13,"column":5}},"line":11},"3":{"name":"(anonymous_3)","decl":{"start":{"line":14,"column":4},"end":{"line":14,"column":5}},"loc":{"start":{"line":14,"column":31},"end":{"line":16,"column":5}},"line":14},"4":{"name":"(anonymous_4)","decl":{"start":{"line":17,"column":4},"end":{"line":17,"column":5}},"loc":{"start":{"line":17,"column":26},"end":{"line":25,"column":5}},"line":17},"5":{"name":"(anonymous_5)","decl":{"start":{"line":26,"column":4},"end":{"line":26,"column":5}},"loc":{"start":{"line":26,"column":29},"end":{"line":38,"column":5}},"line":26},"6":{"name":"(anonymous_6)","decl":{"start":{"line":39,"column":4},"end":{"line":39,"column":5}},"loc":{"start":{"line":39,"column":34},"end":{"line":52,"column":5}},"line":39}},"branchMap":{"0":{"loc":{"start":{"line":19,"column":8},"end":{"line":22,"column":9}},"type":"if","locations":[{"start":{"line":19,"column":8},"end":{"line":22,"column":9}},{"start":{"line":19,"column":8},"end":{"line":22,"column":9}}],"line":19},"1":{"loc":{"start":{"line":28,"column":8},"end":{"line":31,"column":9}},"type":"if","locations":[{"start":{"line":28,"column":8},"end":{"line":31,"column":9}},{"start":{"line":28,"column":8},"end":{"line":31,"column":9}}],"line":28},"2":{"loc":{"start":{"line":41,"column":8},"end":{"line":44,"column":9}},"type":"if","locations":[{"start":{"line":41,"column":8},"end":{"line":44,"column":9}},{"start":{"line":41,"column":8},"end":{"line":44,"column":9}}],"line":41},"3":{"loc":{"start":{"line":47,"column":18},"end":{"line":47,"column":42}},"type":"binary-expr","locations":[{"start":{"line":47,"column":18},"end":{"line":47,"column":29}},{"start":{"line":47,"column":33},"end":{"line":47,"column":42}}],"line":47},"4":{"loc":{"start":{"line":48,"column":25},"end":{"line":48,"column":63}},"type":"binary-expr","locations":[{"start":{"line":48,"column":25},"end":{"line":48,"column":43}},{"start":{"line":48,"column":47},"end":{"line":48,"column":63}}],"line":48}},"s":{"0":1,"1":0,"2":0,"3":0,"4":0,"5":0,"6":0,"7":0,"8":0,"9":0,"10":0,"11":0,"12":0,"13":0,"14":0,"15":0,"16":0,"17":0,"18":0,"19":0,"20":0,"21":0,"22":0,"23":0,"24":0,"25":1},"f":{"0":0,"1":0,"2":0,"3":0,"4":0,"5":0,"6":0},"b":{"0":[0,0],"1":[0,0],"2":[0,0],"3":[0,0],"4":[0,0]},"_coverageSchema":"43e27e138ebf9cfc5966b082cf9a028302ed4184","hash":"3ed3f87e83b9ad73b0651255c413f0042963b112"}
,"/Users/karolisgataveckas/Documents/Development/JS/nodets-express-jest/routes/TaskRoutes.ts": {"path":"/Users/karolisgataveckas/Documents/Development/JS/nodets-express-jest/routes/TaskRoutes.ts","statementMap":{"0":{"start":{"line":1,"column":0},"end":{"line":1,"column":42}},"1":{"start":{"line":2,"column":0},"end":{"line":2,"column":63}},"2":{"start":{"line":3,"column":0},"end":{"line":3,"column":58}},"3":{"start":{"line":4,"column":0},"end":{"line":4,"column":33}},"4":{"start":{"line":8,"column":30},"end":{"line":8,"column":55}},"5":{"start":{"line":11,"column":22},"end":{"line":11,"column":30}},"6":{"start":{"line":12,"column":26},"end":{"line":12,"column":63}},"7":{"start":{"line":14,"column":17},"end":{"line":14,"column":33}},"8":{"start":{"line":15,"column":2},"end":{"line":15,"column":28}},"9":{"start":{"line":17,"column":2},"end":{"line":17,"column":88}},"10":{"start":{"line":18,"column":2},"end":{"line":18,"column":87}},"11":{"start":{"line":19,"column":2},"end":{"line":19,"column":91}},"12":{"start":{"line":21,"column":2},"end":{"line":21,"column":16}},"13":{"start":{"line":7,"column":0},"end":{"line":7,"column":13}}},"fnMap":{"0":{"name":"(anonymous_0)","decl":{"start":{"line":8,"column":1},"end":{"line":8,"column":30}},"loc":{"start":{"line":8,"column":55},"end":{"line":8,"column":60}}},"1":{"name":"(anonymous_1)","decl":{"start":{"line":10,"column":1},"end":{"line":10,"column":15}},"loc":{"start":{"line":10,"column":15},"end":{"line":22,"column":2}}}},"branchMap":{},"s":{"0":1,"1":1,"2":1,"3":1,"4":4,"5":4,"6":4,"7":4,"8":4,"9":4,"10":4,"11":4,"12":4,"13":1},"f":{"0":4,"1":4},"b":{}}
,"/Users/karolisgataveckas/Documents/Development/JS/nodets-express-jest/services/loggerService.ts": {"path":"/Users/karolisgataveckas/Documents/Development/JS/nodets-express-jest/services/loggerService.ts","statementMap":{"0":{"start":{"line":1,"column":0},"end":{"line":1,"column":50}},"1":{"start":{"line":2,"column":0},"end":{"line":2,"column":28}},"2":{"start":{"line":3,"column":0},"end":{"line":3,"column":49}},"3":{"start":{"line":15,"column":20},"end":{"line":15,"column":68}},"4":{"start":{"line":16,"column":2},"end":{"line":20,"column":null}},"5":{"start":{"line":17,"column":3},"end":{"line":17,"column":40}},"6":{"start":{"line":19,"column":3},"end":{"line":19,"column":85}},"7":{"start":{"line":21,"column":2},"end":{"line":24,"column":5}},"8":{"start":{"line":28,"column":2},"end":{"line":28,"column":37}},"9":{"start":{"line":32,"column":2},"end":{"line":32,"column":36}},"10":{"start":{"line":36,"column":2},"end":{"line":36,"column":36}},"11":{"start":{"line":11,"column":0},"end":{"line":11,"column":13}}},"fnMap":{"0":{"name":"(anonymous_0)","decl":{"start":{"line":14,"column":1},"end":{"line":14,"column":13}},"loc":{"start":{"line":14,"column":31},"end":{"line":25,"column":2}}},"1":{"name":"(anonymous_1)","decl":{"start":{"line":27,"column":1},"end":{"line":27,"column":6}},"loc":{"start":{"line":27,"column":45},"end":{"line":29,"column":2}}},"2":{"name":"(anonymous_2)","decl":{"start":{"line":31,"column":1},"end":{"line":31,"column":5}},"loc":{"start":{"line":31,"column":43},"end":{"line":33,"column":2}}},"3":{"name":"(anonymous_3)","decl":{"start":{"line":35,"column":1},"end":{"line":35,"column":5}},"loc":{"start":{"line":35,"column":43},"end":{"line":37,"column":2}}}},"branchMap":{"0":{"loc":{"start":{"line":16,"column":2},"end":{"line":20,"column":null}},"type":"if","locations":[{"start":{"line":16,"column":2},"end":{"line":20,"column":null}},{"start":{"line":16,"column":2},"end":{"line":20,"column":null}}]}},"s":{"0":1,"1":1,"2":1,"3":2,"4":2,"5":0,"6":2,"7":2,"8":0,"9":0,"10":0,"11":1},"f":{"0":2,"1":0,"2":0,"3":0},"b":{"0":[0,2]}}
,"/Users/karolisgataveckas/Documents/Development/JS/nodets-express-jest/services/settingsService.ts": {"path":"/Users/karolisgataveckas/Documents/Development/JS/nodets-express-jest/services/settingsService.ts","statementMap":{"0":{"start":{"line":2,"column":18},"end":{"line":2,"column":71}},"1":{"start":{"line":5,"column":2},"end":{"line":5,"column":33}},"2":{"start":{"line":1,"column":0},"end":{"line":1,"column":13}}},"fnMap":{"0":{"name":"(anonymous_0)","decl":{"start":{"line":1,"column":0},"end":{"line":1,"column":13}},"loc":{"start":{"line":1,"column":0},"end":{"line":7,"column":1}}},"1":{"name":"(anonymous_1)","decl":{"start":{"line":4,"column":1},"end":{"line":4,"column":5}},"loc":{"start":{"line":4,"column":22},"end":{"line":6,"column":2}}}},"branchMap":{},"s":{"0":1,"1":1,"2":1},"f":{"0":1,"1":1},"b":{}}
,"/Users/karolisgataveckas/Documents/Development/JS/nodets-express-jest/utils/utils.ts": {"path":"/Users/karolisgataveckas/Documents/Development/JS/nodets-express-jest/utils/utils.ts","statementMap":{"0":{"start":{"line":11,"column":1},"end":{"line":11,"column":32}},"1":{"start":{"line":10,"column":0},"end":{"line":10,"column":16}},"2":{"start":{"line":22,"column":1},"end":{"line":24,"column":null}},"3":{"start":{"line":23,"column":2},"end":{"line":23,"column":15}},"4":{"start":{"line":26,"column":1},"end":{"line":28,"column":null}},"5":{"start":{"line":27,"column":2},"end":{"line":27,"column":15}},"6":{"start":{"line":30,"column":1},"end":{"line":30,"column":13}},"7":{"start":{"line":21,"column":0},"end":{"line":21,"column":16}},"8":{"start":{"line":44,"column":1},"end":{"line":57,"column":3}},"9":{"start":{"line":45,"column":2},"end":{"line":56,"column":null}},"10":{"start":{"line":46,"column":3},"end":{"line":46,"column":38}},"11":{"start":{"line":48,"column":3},"end":{"line":50,"column":null}},"12":{"start":{"line":49,"column":4},"end":{"line":49,"column":25}},"13":{"start":{"line":51,"column":15},"end":{"line":51,"column":27}},"14":{"start":{"line":52,"column":3},"end":{"line":54,"column":null}},"15":{"start":{"line":53,"column":4},"end":{"line":53,"column":19}},"16":{"start":{"line":55,"column":3},"end":{"line":55,"column":88}},"17":{"start":{"line":40,"column":0},"end":{"line":40,"column":16}}},"fnMap":{"0":{"name":"mergeRouteName","decl":{"start":{"line":10,"column":16},"end":{"line":10,"column":30}},"loc":{"start":{"line":10,"column":64},"end":{"line":12,"column":1}}},"1":{"name":"validateField","decl":{"start":{"line":21,"column":16},"end":{"line":21,"column":29}},"loc":{"start":{"line":21,"column":54},"end":{"line":31,"column":1}}},"2":{"name":"tryRoute","decl":{"start":{"line":40,"column":16},"end":{"line":40,"column":24}},"loc":{"start":{"line":42,"column":17},"end":{"line":58,"column":1}}},"3":{"name":"(anonymous_3)","decl":{"start":{"line":44,"column":8},"end":{"line":44,"column":13}},"loc":{"start":{"line":44,"column":57},"end":{"line":57,"column":2}}}},"branchMap":{"0":{"loc":{"start":{"line":22,"column":1},"end":{"line":24,"column":null}},"type":"if","locations":[{"start":{"line":22,"column":1},"end":{"line":24,"column":null}},{"start":{"line":22,"column":1},"end":{"line":24,"column":null}}]},"1":{"loc":{"start":{"line":26,"column":1},"end":{"line":28,"column":null}},"type":"if","locations":[{"start":{"line":26,"column":1},"end":{"line":28,"column":null}},{"start":{"line":26,"column":1},"end":{"line":28,"column":null}}]},"2":{"loc":{"start":{"line":48,"column":3},"end":{"line":50,"column":null}},"type":"if","locations":[{"start":{"line":48,"column":3},"end":{"line":50,"column":null}},{"start":{"line":48,"column":3},"end":{"line":50,"column":null}}]},"3":{"loc":{"start":{"line":51,"column":15},"end":{"line":51,"column":22}},"type":"binary-expr","locations":[{"start":{"line":51,"column":15},"end":{"line":51,"column":22}},{"start":{"line":51,"column":26},"end":{"line":51,"column":27}}]},"4":{"loc":{"start":{"line":52,"column":3},"end":{"line":54,"column":null}},"type":"if","locations":[{"start":{"line":52,"column":3},"end":{"line":54,"column":null}},{"start":{"line":52,"column":3},"end":{"line":54,"column":null}}]}},"s":{"0":12,"1":1,"2":6,"3":0,"4":6,"5":1,"6":5,"7":1,"8":12,"9":5,"10":5,"11":0,"12":0,"13":0,"14":0,"15":0,"16":0,"17":1},"f":{"0":12,"1":6,"2":12,"3":5},"b":{"0":[0,6],"1":[1,5],"2":[0,0],"3":[0,0],"4":[0,0]}}
}
