TN:
SF:/Users/karolisgataveckas/Documents/Development/JS/nodets-express-jest/app.ts
FN:15,(anonymous_0)
FN:23,(anonymous_1)
FN:30,(anonymous_2)
FN:41,(anonymous_3)
FNF:4
FNH:1
FNDA:4,(anonymous_0)
FNDA:0,(anonymous_1)
FNDA:0,(anonymous_2)
FNDA:0,(anonymous_3)
DA:1,1
DA:2,1
DA:3,1
DA:4,1
DA:5,1
DA:6,1
DA:7,1
DA:8,1
DA:9,1
DA:13,4
DA:16,4
DA:17,4
DA:18,4
DA:20,4
DA:21,4
DA:22,4
DA:23,4
DA:26,4
DA:27,4
DA:29,4
DA:30,0
DA:31,0
DA:37,1
DA:38,1
DA:39,1
DA:40,1
DA:41,0
DA:42,0
DA:43,0
DA:45,0
DA:46,0
DA:48,0
DA:50,0
DA:51,0
DA:57,0
DA:62,1
LF:36
LH:25
BRDA:29,0,0,0
BRDA:29,0,1,4
BRDA:40,1,0,0
BRDA:40,1,1,1
BRDA:45,2,0,0
BRDA:45,2,1,0
BRF:6
BRH:2
end_of_record
TN:
SF:/Users/karolisgataveckas/Documents/Development/JS/nodets-express-jest/controllers/TaskController.ts
FN:23,(anonymous_0)
FN:25,(anonymous_1)
FN:34,(anonymous_2)
FN:49,(anonymous_3)
FN:58,(anonymous_4)
FNF:5
FNH:5
FNDA:4,(anonymous_0)
FNDA:1,(anonymous_1)
FNDA:1,(anonymous_2)
FNDA:3,(anonymous_3)
FNDA:6,(anonymous_4)
DA:4,1
DA:22,1
DA:23,4
DA:25,4
DA:30,1
DA:31,1
DA:34,4
DA:39,1
DA:40,0
DA:43,1
DA:45,1
DA:46,1
DA:49,4
DA:54,3
DA:55,3
DA:58,3
DA:59,6
DA:62,3
DA:63,2
DA:66,1
DA:67,1
DA:68,1
DA:70,0
LF:23
LH:21
BRDA:39,0,0,0
BRDA:39,0,1,1
BRDA:59,1,0,6
BRDA:59,1,1,6
BRDA:62,2,0,2
BRDA:62,2,1,1
BRDA:62,3,0,3
BRDA:62,3,1,2
BRDA:67,4,0,1
BRDA:67,4,1,0
BRF:10
BRH:8
end_of_record
TN:
SF:/Users/karolisgataveckas/Documents/Development/JS/nodets-express-jest/mongo/MongoService.ts
FN:16,(anonymous_0)
FN:18,(anonymous_1)
FN:22,(anonymous_2)
FNF:3
FNH:1
FNDA:1,(anonymous_0)
FNDA:0,(anonymous_1)
FNDA:0,(anonymous_2)
DA:1,1
DA:2,1
DA:3,1
DA:6,1
DA:7,1
DA:14,1
DA:16,1
DA:19,0
DA:23,0
DA:24,0
DA:25,0
DA:26,0
DA:27,0
DA:29,0
LF:14
LH:7
BRF:0
BRH:0
end_of_record
TN:
SF:/Users/karolisgataveckas/Documents/Development/JS/nodets-express-jest/mongo/database.ts
FN:14,newTaskDatabase
FN:26,getTaskDatabase
FNF:2
FNH:0
FNDA:0,newTaskDatabase
FNDA:0,getTaskDatabase
DA:2,1
DA:14,1
DA:15,0
DA:16,0
DA:26,1
DA:27,0
LF:6
LH:3
BRF:0
BRH:0
end_of_record
TN:
SF:/Users/karolisgataveckas/Documents/Development/JS/nodets-express-jest/mongo/taskStorage.ts
FN:4,(anonymous_0)
FN:8,(anonymous_1)
FN:11,(anonymous_2)
FN:14,(anonymous_3)
FN:17,(anonymous_4)
FN:26,(anonymous_5)
FN:39,(anonymous_6)
FNF:7
FNH:0
FNDA:0,(anonymous_0)
FNDA:0,(anonymous_1)
FNDA:0,(anonymous_2)
FNDA:0,(anonymous_3)
FNDA:0,(anonymous_4)
FNDA:0,(anonymous_5)
FNDA:0,(anonymous_6)
DA:2,1
DA:5,0
DA:6,0
DA:9,0
DA:12,0
DA:15,0
DA:18,0
DA:19,0
DA:20,0
DA:21,0
DA:23,0
DA:24,0
DA:27,0
DA:28,0
DA:29,0
DA:30,0
DA:32,0
DA:37,0
DA:40,0
DA:41,0
DA:42,0
DA:43,0
DA:45,0
DA:50,0
DA:51,0
DA:54,1
LF:26
LH:2
BRDA:19,0,0,0
BRDA:19,0,1,0
BRDA:28,1,0,0
BRDA:28,1,1,0
BRDA:41,2,0,0
BRDA:41,2,1,0
BRDA:47,3,0,0
BRDA:47,3,1,0
BRDA:48,4,0,0
BRDA:48,4,1,0
BRF:10
BRH:0
end_of_record
TN:
SF:/Users/karolisgataveckas/Documents/Development/JS/nodets-express-jest/routes/TaskRoutes.ts
FN:8,(anonymous_0)
FN:10,(anonymous_1)
FNF:2
FNH:2
FNDA:4,(anonymous_0)
FNDA:4,(anonymous_1)
DA:1,1
DA:2,1
DA:3,1
DA:4,1
DA:7,1
DA:8,4
DA:11,4
DA:12,4
DA:14,4
DA:15,4
DA:17,4
DA:18,4
DA:19,4
DA:21,4
LF:14
LH:14
BRF:0
BRH:0
end_of_record
TN:
SF:/Users/karolisgataveckas/Documents/Development/JS/nodets-express-jest/services/loggerService.ts
FN:14,(anonymous_0)
FN:27,(anonymous_1)
FN:31,(anonymous_2)
FN:35,(anonymous_3)
FNF:4
FNH:1
FNDA:2,(anonymous_0)
FNDA:0,(anonymous_1)
FNDA:0,(anonymous_2)
FNDA:0,(anonymous_3)
DA:1,1
DA:2,1
DA:3,1
DA:11,1
DA:15,2
DA:16,2
DA:17,0
DA:19,2
DA:21,2
DA:28,0
DA:32,0
DA:36,0
LF:12
LH:8
BRDA:16,0,0,0
BRDA:16,0,1,2
BRF:2
BRH:1
end_of_record
TN:
SF:/Users/karolisgataveckas/Documents/Development/JS/nodets-express-jest/services/settingsService.ts
FN:1,(anonymous_0)
FN:4,(anonymous_1)
FNF:2
FNH:2
FNDA:1,(anonymous_0)
FNDA:1,(anonymous_1)
DA:1,1
DA:2,1
DA:5,1
LF:3
LH:3
BRF:0
BRH:0
end_of_record
TN:
SF:/Users/karolisgataveckas/Documents/Development/JS/nodets-express-jest/utils/utils.ts
FN:10,mergeRouteName
FN:21,validateField
FN:40,tryRoute
FN:44,(anonymous_3)
FNF:4
FNH:4
FNDA:12,mergeRouteName
FNDA:6,validateField
FNDA:12,tryRoute
FNDA:5,(anonymous_3)
DA:10,1
DA:11,12
DA:21,1
DA:22,6
DA:23,0
DA:26,6
DA:27,1
DA:30,5
DA:40,1
DA:44,12
DA:45,5
DA:46,5
DA:48,0
DA:49,0
DA:51,0
DA:52,0
DA:53,0
DA:55,0
LF:18
LH:11
BRDA:22,0,0,0
BRDA:22,0,1,6
BRDA:26,1,0,1
BRDA:26,1,1,5
BRDA:48,2,0,0
BRDA:48,2,1,0
BRDA:51,3,0,0
BRDA:51,3,1,0
BRDA:52,4,0,0
BRDA:52,4,1,0
BRF:10
BRH:3
end_of_record
